app/build/intermediates/manifest_merge_blame_file/release/manifest-merger-blame-release-report.txt
1<?xml version="1.0" encoding="utf-8"?>
2<manifest xmlns:android="http://schemas.android.com/apk/res/android"
3    package="com.proyecto.loginultimodia"
4    android:versionCode="1"
5    android:versionName="1.0" >
6
7    <uses-sdk
8        android:minSdkVersion="21"
8-->src\main\AndroidManifest.xml
9        android:targetSdkVersion="31" />
9-->src\main\AndroidManifest.xml
10
11    <uses-permission android:name="android.permission.ACCESS_FINE_LOCATION" />
11-->src\main\AndroidManifest.xml:7:5-78
11-->src\main\AndroidManifest.xml:7:22-76
12    <uses-permission android:name="android.permission.ACCESS_COARSE_LOCATION" />
12-->src\main\AndroidManifest.xml:8:5-80
12-->src\main\AndroidManifest.xml:8:22-78
13    <uses-permission android:name="android.permission.CALL_PHONE" />
13-->src\main\AndroidManifest.xml:9:5-68
13-->src\main\AndroidManifest.xml:9:22-66
14    <uses-permission android:name="android.permission.BLUETOOTH" />
14-->[com.blautic:pikkuAcademy:1.0.1] AndroidManifest.xml:11:5-68
14-->[com.blautic:pikkuAcademy:1.0.1] AndroidManifest.xml:11:22-65
15    <uses-permission android:name="android.permission.BLUETOOTH_ADMIN" />
15-->[com.blautic:pikkuAcademy:1.0.1] AndroidManifest.xml:12:5-74
15-->[com.blautic:pikkuAcademy:1.0.1] AndroidManifest.xml:12:22-71
16    <uses-permission android:name="android.permission.ACCESS_NETWORK_STATE" />
16-->[com.firebaseui:firebase-ui-auth:8.0.0] AndroidManifest.xml:10:5-79
16-->[com.firebaseui:firebase-ui-auth:8.0.0] AndroidManifest.xml:10:22-76
17    <uses-permission android:name="android.permission.INTERNET" />
17-->[com.firebaseui:firebase-ui-auth:8.0.0] AndroidManifest.xml:11:5-67
17-->[com.firebaseui:firebase-ui-auth:8.0.0] AndroidManifest.xml:11:22-64
18
19    <uses-feature
19-->[com.google.android.gms:play-services-maps:18.0.1] AndroidManifest.xml:26:5-28:35
20        android:glEsVersion="0x00020000"
20-->[com.google.android.gms:play-services-maps:18.0.1] AndroidManifest.xml:27:9-41
21        android:required="true" />
21-->[com.google.android.gms:play-services-maps:18.0.1] AndroidManifest.xml:28:9-32
22
23    <queries>
23-->[com.google.android.gms:play-services-maps:18.0.1] AndroidManifest.xml:30:5-34:15
24
25        <!-- Needs to be explicitly declared on Android R+ -->
26        <package android:name="com.google.android.apps.maps" />
26-->[com.google.android.gms:play-services-maps:18.0.1] AndroidManifest.xml:33:9-64
26-->[com.google.android.gms:play-services-maps:18.0.1] AndroidManifest.xml:33:18-61
27    </queries>
28
29    <application
29-->src\main\AndroidManifest.xml:12:5-155:19
30        android:allowBackup="true"
30-->src\main\AndroidManifest.xml:13:9-35
31        android:appComponentFactory="androidx.core.app.CoreComponentFactory"
31-->[androidx.core:core:1.7.0] AndroidManifest.xml:24:18-86
32        android:icon="@mipmap/ic_launcher_foreground"
32-->src\main\AndroidManifest.xml:15:9-54
33        android:label="CAPH"
33-->src\main\AndroidManifest.xml:14:9-29
34        android:supportsRtl="true"
34-->src\main\AndroidManifest.xml:16:9-35
35        android:theme="@style/Theme.LoginUltimoDia" >
35-->src\main\AndroidManifest.xml:17:9-52
36        <service android:name="com.proyecto.loginultimodia.ServicioPikku" />
36-->src\main\AndroidManifest.xml:18:9-77
36-->src\main\AndroidManifest.xml:18:18-74
37
38        <activity
38-->src\main\AndroidManifest.xml:19:9-24:20
39            android:name="com.proyecto.loginultimodia.MainActivity"
39-->src\main\AndroidManifest.xml:20:13-68
40            android:exported="true" >
40-->src\main\AndroidManifest.xml:22:13-36
41        </activity>
42
43        <meta-data
43-->src\main\AndroidManifest.xml:25:9-26:55
44            android:name="com.google.android.geo.API_KEY"
44-->src\main\AndroidManifest.xml:25:20-65
45            android:value="@string/google_maps_key" />
45-->src\main\AndroidManifest.xml:26:13-52
46
47        <activity
47-->src\main\AndroidManifest.xml:28:9-37:20
48            android:name="com.proyecto.loginultimodia.LoginActivity"
48-->src\main\AndroidManifest.xml:29:13-69
49            android:exported="true" >
49-->src\main\AndroidManifest.xml:31:13-36
50            <intent-filter>
50-->src\main\AndroidManifest.xml:32:13-36:29
51                <action android:name="android.intent.action.MAIN" />
51-->src\main\AndroidManifest.xml:33:17-69
51-->src\main\AndroidManifest.xml:33:25-66
52
53                <category android:name="android.intent.category.LAUNCHER" />
53-->src\main\AndroidManifest.xml:35:17-77
53-->src\main\AndroidManifest.xml:35:27-74
54            </intent-filter>
55        </activity>
56        <activity
56-->src\main\AndroidManifest.xml:38:9-43:20
57            android:name="com.proyecto.loginultimodia.RegisterActivity"
57-->src\main\AndroidManifest.xml:39:13-72
58            android:exported="true" >
58-->src\main\AndroidManifest.xml:41:13-36
59        </activity>
60        <activity
60-->src\main\AndroidManifest.xml:45:9-50:20
61            android:name="com.proyecto.loginultimodia.MedicamentosActivity"
61-->src\main\AndroidManifest.xml:46:13-76
62            android:exported="true" >
62-->src\main\AndroidManifest.xml:48:13-36
63        </activity>
64        <activity
64-->src\main\AndroidManifest.xml:52:9-57:20
65            android:name="com.proyecto.loginultimodia.ConectarPikkuActivity"
65-->src\main\AndroidManifest.xml:53:13-77
66            android:exported="true" >
66-->src\main\AndroidManifest.xml:55:13-36
67        </activity>
68        <activity
68-->src\main\AndroidManifest.xml:58:9-64:20
69            android:name="com.proyecto.loginultimodia.ForgotPassword"
69-->src\main\AndroidManifest.xml:60:13-70
70            android:exported="true" >
70-->src\main\AndroidManifest.xml:62:13-36
71        </activity>
72        <activity
72-->src\main\AndroidManifest.xml:65:9-70:20
73            android:name="com.proyecto.loginultimodia.IniciarDosisDocPaciente"
73-->src\main\AndroidManifest.xml:66:13-79
74            android:exported="true" >
74-->src\main\AndroidManifest.xml:68:13-36
75        </activity>
76        <activity
76-->src\main\AndroidManifest.xml:71:9-76:20
77            android:name="com.proyecto.loginultimodia.iniciarHabsDocPaciente"
77-->src\main\AndroidManifest.xml:72:13-78
78            android:exported="true" >
78-->src\main\AndroidManifest.xml:74:13-36
79        </activity>
80        <activity
80-->src\main\AndroidManifest.xml:77:9-82:20
81            android:name="com.proyecto.loginultimodia.SecondActivity"
81-->src\main\AndroidManifest.xml:78:13-70
82            android:exported="true" >
82-->src\main\AndroidManifest.xml:80:13-36
83        </activity>
84        <activity
84-->src\main\AndroidManifest.xml:83:9-89:20
85            android:name="com.proyecto.loginultimodia.AcercaDeActivityREAL"
85-->src\main\AndroidManifest.xml:84:13-76
86            android:exported="true" >
86-->src\main\AndroidManifest.xml:86:13-36
87            <meta-data
87-->src\main\AndroidManifest.xml:87:13-97
88                android:name="android.app.shortcuts"
88-->src\main\AndroidManifest.xml:87:24-60
89                android:resource="@xml/shortcuts" />
89-->src\main\AndroidManifest.xml:87:61-94
90        </activity>
91        <activity
91-->src\main\AndroidManifest.xml:90:9-95:20
92            android:name="com.proyecto.loginultimodia.DoctorSecondActivity"
92-->src\main\AndroidManifest.xml:91:13-76
93            android:exported="true" >
93-->src\main\AndroidManifest.xml:93:13-36
94        </activity>
95        <activity
95-->src\main\AndroidManifest.xml:97:9-102:20
96            android:name="com.proyecto.loginultimodia.HabitacionesActivity"
96-->src\main\AndroidManifest.xml:98:13-76
97            android:exported="true" >
97-->src\main\AndroidManifest.xml:100:13-36
98        </activity>
99        <activity
99-->src\main\AndroidManifest.xml:104:9-109:20
100            android:name="com.proyecto.loginultimodia.AnyadirAvisoActivity"
100-->src\main\AndroidManifest.xml:105:13-76
101            android:exported="true" >
101-->src\main\AndroidManifest.xml:107:13-36
102        </activity>
103        <activity
103-->src\main\AndroidManifest.xml:110:9-115:20
104            android:name="com.proyecto.loginultimodia.DosisActivity"
104-->src\main\AndroidManifest.xml:111:13-69
105            android:exported="true" >
105-->src\main\AndroidManifest.xml:113:13-36
106        </activity>
107        <activity
107-->src\main\AndroidManifest.xml:117:9-123:20
108            android:name="com.proyecto.loginultimodia.EliminarPacienteActivity"
108-->src\main\AndroidManifest.xml:119:13-80
109            android:exported="true" >
109-->src\main\AndroidManifest.xml:121:13-36
110        </activity>
111        <activity
111-->src\main\AndroidManifest.xml:125:9-130:20
112            android:name="com.proyecto.loginultimodia.AbrirEliminarActivity"
112-->src\main\AndroidManifest.xml:126:13-77
113            android:exported="true" >
113-->src\main\AndroidManifest.xml:128:13-36
114        </activity>
115        <activity
115-->src\main\AndroidManifest.xml:132:9-137:20
116            android:name="com.proyecto.loginultimodia.AnyadirDosisActivity"
116-->src\main\AndroidManifest.xml:133:13-76
117            android:exported="true" >
117-->src\main\AndroidManifest.xml:135:13-36
118        </activity>
119        <activity
119-->src\main\AndroidManifest.xml:139:9-145:20
120            android:name="com.proyecto.loginultimodia.SuperAdminSecondActivity"
120-->src\main\AndroidManifest.xml:140:13-80
121            android:exported="true" >
121-->src\main\AndroidManifest.xml:143:13-36
122        </activity>
123        <activity
123-->src\main\AndroidManifest.xml:146:9-148:44
124            android:name="com.proyecto.loginultimodia.AcercaDeActivity"
124-->src\main\AndroidManifest.xml:147:13-72
125            android:label="Acerca de ..." />
125-->src\main\AndroidManifest.xml:148:13-42
126        <activity
126-->src\main\AndroidManifest.xml:152:9-153:44
127            android:name="com.proyecto.loginultimodia.LogOutActivity"
127-->src\main\AndroidManifest.xml:152:19-76
128            android:label="Cerrar sesión" />
128-->src\main\AndroidManifest.xml:153:13-42
129
130        <meta-data
130-->[com.firebaseui:firebase-ui-auth:8.0.0] AndroidManifest.xml:14:9-16:69
131            android:name="com.google.android.gms.version"
131-->[com.firebaseui:firebase-ui-auth:8.0.0] AndroidManifest.xml:15:13-58
132            android:value="@integer/google_play_services_version" />
132-->[com.firebaseui:firebase-ui-auth:8.0.0] AndroidManifest.xml:16:13-66
133        <meta-data
133-->[com.firebaseui:firebase-ui-auth:8.0.0] AndroidManifest.xml:17:9-19:63
134            android:name="com.facebook.sdk.ApplicationId"
134-->[com.firebaseui:firebase-ui-auth:8.0.0] AndroidManifest.xml:18:13-58
135            android:value="@string/facebook_application_id" />
135-->[com.firebaseui:firebase-ui-auth:8.0.0] AndroidManifest.xml:19:13-60
136
137        <activity
137-->[com.firebaseui:firebase-ui-auth:8.0.0] AndroidManifest.xml:21:9-25:61
138            android:name="com.firebase.ui.auth.KickoffActivity"
138-->[com.firebaseui:firebase-ui-auth:8.0.0] AndroidManifest.xml:22:13-64
139            android:exported="false"
139-->[com.firebaseui:firebase-ui-auth:8.0.0] AndroidManifest.xml:23:13-37
140            android:label=""
140-->[com.firebaseui:firebase-ui-auth:8.0.0] AndroidManifest.xml:24:13-29
141            android:theme="@style/FirebaseUI.Transparent" />
141-->[com.firebaseui:firebase-ui-auth:8.0.0] AndroidManifest.xml:25:13-58
142        <activity
142-->[com.firebaseui:firebase-ui-auth:8.0.0] AndroidManifest.xml:26:9-30:61
143            android:name="com.firebase.ui.auth.ui.idp.SingleSignInActivity"
143-->[com.firebaseui:firebase-ui-auth:8.0.0] AndroidManifest.xml:27:13-76
144            android:exported="false"
144-->[com.firebaseui:firebase-ui-auth:8.0.0] AndroidManifest.xml:28:13-37
145            android:label=""
145-->[com.firebaseui:firebase-ui-auth:8.0.0] AndroidManifest.xml:29:13-29
146            android:theme="@style/FirebaseUI.Transparent" />
146-->[com.firebaseui:firebase-ui-auth:8.0.0] AndroidManifest.xml:30:13-58
147        <activity
147-->[com.firebaseui:firebase-ui-auth:8.0.0] AndroidManifest.xml:31:9-35:61
148            android:name="com.firebase.ui.auth.ui.credentials.CredentialSaveActivity"
148-->[com.firebaseui:firebase-ui-auth:8.0.0] AndroidManifest.xml:32:13-86
149            android:exported="false"
149-->[com.firebaseui:firebase-ui-auth:8.0.0] AndroidManifest.xml:33:13-37
150            android:label=""
150-->[com.firebaseui:firebase-ui-auth:8.0.0] AndroidManifest.xml:34:13-29
151            android:theme="@style/FirebaseUI.Transparent" />
151-->[com.firebaseui:firebase-ui-auth:8.0.0] AndroidManifest.xml:35:13-58
152        <activity
152-->[com.firebaseui:firebase-ui-auth:8.0.0] AndroidManifest.xml:36:9-40:58
153            android:name="com.firebase.ui.auth.ui.email.RecoverPasswordActivity"
153-->[com.firebaseui:firebase-ui-auth:8.0.0] AndroidManifest.xml:37:13-81
154            android:exported="false"
154-->[com.firebaseui:firebase-ui-auth:8.0.0] AndroidManifest.xml:38:13-37
155            android:label="@string/fui_title_recover_password_activity"
155-->[com.firebaseui:firebase-ui-auth:8.0.0] AndroidManifest.xml:39:13-72
156            android:windowSoftInputMode="adjustResize" />
156-->[com.firebaseui:firebase-ui-auth:8.0.0] AndroidManifest.xml:40:13-55
157        <activity
157-->[com.firebaseui:firebase-ui-auth:8.0.0] AndroidManifest.xml:41:9-45:58
158            android:name="com.firebase.ui.auth.ui.email.EmailActivity"
158-->[com.firebaseui:firebase-ui-auth:8.0.0] AndroidManifest.xml:42:13-71
159            android:exported="false"
159-->[com.firebaseui:firebase-ui-auth:8.0.0] AndroidManifest.xml:43:13-37
160            android:label="@string/fui_sign_in_default"
160-->[com.firebaseui:firebase-ui-auth:8.0.0] AndroidManifest.xml:44:13-56
161            android:windowSoftInputMode="adjustResize" />
161-->[com.firebaseui:firebase-ui-auth:8.0.0] AndroidManifest.xml:45:13-55
162        <activity
162-->[com.firebaseui:firebase-ui-auth:8.0.0] AndroidManifest.xml:46:9-50:77
163            android:name="com.firebase.ui.auth.ui.phone.PhoneActivity"
163-->[com.firebaseui:firebase-ui-auth:8.0.0] AndroidManifest.xml:47:13-71
164            android:exported="false"
164-->[com.firebaseui:firebase-ui-auth:8.0.0] AndroidManifest.xml:48:13-37
165            android:label="@string/fui_sign_in_with_phone_number"
165-->[com.firebaseui:firebase-ui-auth:8.0.0] AndroidManifest.xml:49:13-66
166            android:windowSoftInputMode="adjustResize|stateAlwaysVisible" />
166-->[com.firebaseui:firebase-ui-auth:8.0.0] AndroidManifest.xml:50:13-74
167        <activity
167-->[com.firebaseui:firebase-ui-auth:8.0.0] AndroidManifest.xml:51:9-55:58
168            android:name="com.firebase.ui.auth.ui.idp.WelcomeBackIdpPrompt"
168-->[com.firebaseui:firebase-ui-auth:8.0.0] AndroidManifest.xml:52:13-76
169            android:exported="false"
169-->[com.firebaseui:firebase-ui-auth:8.0.0] AndroidManifest.xml:53:13-37
170            android:label="@string/fui_title_welcome_back_idp_prompt"
170-->[com.firebaseui:firebase-ui-auth:8.0.0] AndroidManifest.xml:54:13-70
171            android:windowSoftInputMode="adjustResize" />
171-->[com.firebaseui:firebase-ui-auth:8.0.0] AndroidManifest.xml:55:13-55
172        <activity
172-->[com.firebaseui:firebase-ui-auth:8.0.0] AndroidManifest.xml:56:9-60:58
173            android:name="com.firebase.ui.auth.ui.email.WelcomeBackPasswordPrompt"
173-->[com.firebaseui:firebase-ui-auth:8.0.0] AndroidManifest.xml:57:13-83
174            android:exported="false"
174-->[com.firebaseui:firebase-ui-auth:8.0.0] AndroidManifest.xml:58:13-37
175            android:label="@string/fui_title_welcome_back_password_prompt"
175-->[com.firebaseui:firebase-ui-auth:8.0.0] AndroidManifest.xml:59:13-75
176            android:windowSoftInputMode="adjustResize" />
176-->[com.firebaseui:firebase-ui-auth:8.0.0] AndroidManifest.xml:60:13-55
177        <activity
177-->[com.firebaseui:firebase-ui-auth:8.0.0] AndroidManifest.xml:61:9-65:58
178            android:name="com.firebase.ui.auth.ui.email.WelcomeBackEmailLinkPrompt"
178-->[com.firebaseui:firebase-ui-auth:8.0.0] AndroidManifest.xml:62:13-84
179            android:exported="false"
179-->[com.firebaseui:firebase-ui-auth:8.0.0] AndroidManifest.xml:63:13-37
180            android:label="@string/fui_title_welcome_back_password_prompt"
180-->[com.firebaseui:firebase-ui-auth:8.0.0] AndroidManifest.xml:64:13-75
181            android:windowSoftInputMode="adjustResize" />
181-->[com.firebaseui:firebase-ui-auth:8.0.0] AndroidManifest.xml:65:13-55
182        <activity
182-->[com.firebaseui:firebase-ui-auth:8.0.0] AndroidManifest.xml:66:9-71:58
183            android:name="com.firebase.ui.auth.ui.email.EmailLinkCatcherActivity"
183-->[com.firebaseui:firebase-ui-auth:8.0.0] AndroidManifest.xml:67:13-82
184            android:exported="false"
184-->[com.firebaseui:firebase-ui-auth:8.0.0] AndroidManifest.xml:68:13-37
185            android:label=""
185-->[com.firebaseui:firebase-ui-auth:8.0.0] AndroidManifest.xml:69:13-29
186            android:theme="@style/FirebaseUI.Transparent"
186-->[com.firebaseui:firebase-ui-auth:8.0.0] AndroidManifest.xml:70:13-58
187            android:windowSoftInputMode="adjustResize" />
187-->[com.firebaseui:firebase-ui-auth:8.0.0] AndroidManifest.xml:71:13-55
188        <activity
188-->[com.firebaseui:firebase-ui-auth:8.0.0] AndroidManifest.xml:72:9-76:58
189            android:name="com.firebase.ui.auth.ui.email.EmailLinkErrorRecoveryActivity"
189-->[com.firebaseui:firebase-ui-auth:8.0.0] AndroidManifest.xml:73:13-88
190            android:exported="false"
190-->[com.firebaseui:firebase-ui-auth:8.0.0] AndroidManifest.xml:74:13-37
191            android:label="@string/fui_sign_in_default"
191-->[com.firebaseui:firebase-ui-auth:8.0.0] AndroidManifest.xml:75:13-56
192            android:windowSoftInputMode="adjustResize" />
192-->[com.firebaseui:firebase-ui-auth:8.0.0] AndroidManifest.xml:76:13-55
193        <activity
193-->[com.firebaseui:firebase-ui-auth:8.0.0] AndroidManifest.xml:77:9-80:65
194            android:name="com.firebase.ui.auth.ui.idp.AuthMethodPickerActivity"
194-->[com.firebaseui:firebase-ui-auth:8.0.0] AndroidManifest.xml:78:13-80
195            android:exported="false"
195-->[com.firebaseui:firebase-ui-auth:8.0.0] AndroidManifest.xml:79:13-37
196            android:label="@string/fui_default_toolbar_title" />
196-->[com.firebaseui:firebase-ui-auth:8.0.0] AndroidManifest.xml:80:13-62
197        <activity
197-->[com.firebaseui:firebase-ui-auth:8.0.0] AndroidManifest.xml:81:9-85:48
198            android:name="com.facebook.FacebookActivity"
198-->[com.firebaseui:firebase-ui-auth:8.0.0] AndroidManifest.xml:82:13-57
199            android:configChanges="keyboard|keyboardHidden|screenLayout|screenSize|orientation"
199-->[com.firebaseui:firebase-ui-auth:8.0.0] AndroidManifest.xml:83:13-96
200            android:label="@string/app_name" />
200-->[com.firebaseui:firebase-ui-auth:8.0.0] AndroidManifest.xml:84:13-45
201        <activity
201-->[com.firebaseui:firebase-ui-auth:8.0.0] AndroidManifest.xml:86:9-98:20
202            android:name="com.facebook.CustomTabActivity"
202-->[com.firebaseui:firebase-ui-auth:8.0.0] AndroidManifest.xml:87:13-58
203            android:exported="true" >
203-->[com.firebaseui:firebase-ui-auth:8.0.0] AndroidManifest.xml:88:13-36
204            <intent-filter>
204-->[com.firebaseui:firebase-ui-auth:8.0.0] AndroidManifest.xml:90:13-97:29
205                <action android:name="android.intent.action.VIEW" />
205-->[com.firebaseui:firebase-ui-auth:8.0.0] AndroidManifest.xml:91:17-69
205-->[com.firebaseui:firebase-ui-auth:8.0.0] AndroidManifest.xml:91:25-66
206
207                <category android:name="android.intent.category.DEFAULT" />
207-->[com.firebaseui:firebase-ui-auth:8.0.0] AndroidManifest.xml:93:17-76
207-->[com.firebaseui:firebase-ui-auth:8.0.0] AndroidManifest.xml:93:27-73
208                <category android:name="android.intent.category.BROWSABLE" />
208-->[com.firebaseui:firebase-ui-auth:8.0.0] AndroidManifest.xml:94:17-78
208-->[com.firebaseui:firebase-ui-auth:8.0.0] AndroidManifest.xml:94:27-75
209
210                <data android:scheme="@string/facebook_login_protocol_scheme" />
210-->[com.firebaseui:firebase-ui-auth:8.0.0] AndroidManifest.xml:96:17-81
210-->[com.firebaseui:firebase-ui-auth:8.0.0] AndroidManifest.xml:96:23-78
211            </intent-filter>
212        </activity>
213
214        <provider
214-->[com.firebaseui:firebase-ui-auth:8.0.0] AndroidManifest.xml:100:9-104:38
215            android:name="com.firebase.ui.auth.data.client.AuthUiInitProvider"
215-->[com.firebaseui:firebase-ui-auth:8.0.0] AndroidManifest.xml:101:13-79
216            android:authorities="com.proyecto.loginultimodia.authuiinitprovider"
216-->[com.firebaseui:firebase-ui-auth:8.0.0] AndroidManifest.xml:102:13-70
217            android:exported="false"
217-->[com.firebaseui:firebase-ui-auth:8.0.0] AndroidManifest.xml:103:13-37
218            android:initOrder="90" />
218-->[com.firebaseui:firebase-ui-auth:8.0.0] AndroidManifest.xml:104:13-35
219
220        <service
220-->[com.google.firebase:firebase-firestore:24.0.0] AndroidManifest.xml:17:9-23:19
221            android:name="com.google.firebase.components.ComponentDiscoveryService"
221-->[com.google.firebase:firebase-firestore:24.0.0] AndroidManifest.xml:18:13-84
222            android:directBootAware="true"
222-->[com.google.firebase:firebase-common:20.0.0] AndroidManifest.xml:35:13-43
223            android:exported="false" >
223-->[com.google.firebase:firebase-firestore:24.0.0] AndroidManifest.xml:19:13-37
224            <meta-data
224-->[com.google.firebase:firebase-firestore:24.0.0] AndroidManifest.xml:20:13-22:85
225                android:name="com.google.firebase.components:com.google.firebase.firestore.FirestoreRegistrar"
225-->[com.google.firebase:firebase-firestore:24.0.0] AndroidManifest.xml:21:17-111
226                android:value="com.google.firebase.components.ComponentRegistrar" />
226-->[com.google.firebase:firebase-firestore:24.0.0] AndroidManifest.xml:22:17-82
227            <meta-data
227-->[com.google.firebase:firebase-auth:21.0.1] AndroidManifest.xml:77:13-79:85
228                android:name="com.google.firebase.components:com.google.firebase.auth.FirebaseAuthRegistrar"
228-->[com.google.firebase:firebase-auth:21.0.1] AndroidManifest.xml:78:17-109
229                android:value="com.google.firebase.components.ComponentRegistrar" />
229-->[com.google.firebase:firebase-auth:21.0.1] AndroidManifest.xml:79:17-82
230            <meta-data
230-->[com.google.firebase:firebase-database:20.0.3] AndroidManifest.xml:32:13-34:85
231                android:name="com.google.firebase.components:com.google.firebase.database.DatabaseRegistrar"
231-->[com.google.firebase:firebase-database:20.0.3] AndroidManifest.xml:33:17-109
232                android:value="com.google.firebase.components.ComponentRegistrar" />
232-->[com.google.firebase:firebase-database:20.0.3] AndroidManifest.xml:34:17-82
233        </service>
234
235        <activity
235-->[com.google.firebase:firebase-auth:21.0.1] AndroidManifest.xml:27:9-44:20
236            android:name="com.google.firebase.auth.internal.GenericIdpActivity"
236-->[com.google.firebase:firebase-auth:21.0.1] AndroidManifest.xml:28:13-80
237            android:excludeFromRecents="true"
237-->[com.google.firebase:firebase-auth:21.0.1] AndroidManifest.xml:29:13-46
238            android:exported="true"
238-->[com.google.firebase:firebase-auth:21.0.1] AndroidManifest.xml:30:13-36
239            android:launchMode="singleTask"
239-->[com.google.firebase:firebase-auth:21.0.1] AndroidManifest.xml:31:13-44
240            android:theme="@android:style/Theme.Translucent.NoTitleBar" >
240-->[com.google.firebase:firebase-auth:21.0.1] AndroidManifest.xml:32:13-72
241            <intent-filter>
241-->[com.google.firebase:firebase-auth:21.0.1] AndroidManifest.xml:33:13-43:29
242                <action android:name="android.intent.action.VIEW" />
242-->[com.firebaseui:firebase-ui-auth:8.0.0] AndroidManifest.xml:91:17-69
242-->[com.firebaseui:firebase-ui-auth:8.0.0] AndroidManifest.xml:91:25-66
243
244                <category android:name="android.intent.category.DEFAULT" />
244-->[com.firebaseui:firebase-ui-auth:8.0.0] AndroidManifest.xml:93:17-76
244-->[com.firebaseui:firebase-ui-auth:8.0.0] AndroidManifest.xml:93:27-73
245                <category android:name="android.intent.category.BROWSABLE" />
245-->[com.firebaseui:firebase-ui-auth:8.0.0] AndroidManifest.xml:94:17-78
245-->[com.firebaseui:firebase-ui-auth:8.0.0] AndroidManifest.xml:94:27-75
246
247                <data
247-->[com.firebaseui:firebase-ui-auth:8.0.0] AndroidManifest.xml:96:17-81
248                    android:host="firebase.auth"
249                    android:path="/"
250                    android:scheme="genericidp" />
250-->[com.firebaseui:firebase-ui-auth:8.0.0] AndroidManifest.xml:96:23-78
251            </intent-filter>
252        </activity>
253        <activity
253-->[com.google.firebase:firebase-auth:21.0.1] AndroidManifest.xml:45:9-62:20
254            android:name="com.google.firebase.auth.internal.RecaptchaActivity"
254-->[com.google.firebase:firebase-auth:21.0.1] AndroidManifest.xml:46:13-79
255            android:excludeFromRecents="true"
255-->[com.google.firebase:firebase-auth:21.0.1] AndroidManifest.xml:47:13-46
256            android:exported="true"
256-->[com.google.firebase:firebase-auth:21.0.1] AndroidManifest.xml:48:13-36
257            android:launchMode="singleTask"
257-->[com.google.firebase:firebase-auth:21.0.1] AndroidManifest.xml:49:13-44
258            android:theme="@android:style/Theme.Translucent.NoTitleBar" >
258-->[com.google.firebase:firebase-auth:21.0.1] AndroidManifest.xml:50:13-72
259            <intent-filter>
259-->[com.google.firebase:firebase-auth:21.0.1] AndroidManifest.xml:51:13-61:29
260                <action android:name="android.intent.action.VIEW" />
260-->[com.firebaseui:firebase-ui-auth:8.0.0] AndroidManifest.xml:91:17-69
260-->[com.firebaseui:firebase-ui-auth:8.0.0] AndroidManifest.xml:91:25-66
261
262                <category android:name="android.intent.category.DEFAULT" />
262-->[com.firebaseui:firebase-ui-auth:8.0.0] AndroidManifest.xml:93:17-76
262-->[com.firebaseui:firebase-ui-auth:8.0.0] AndroidManifest.xml:93:27-73
263                <category android:name="android.intent.category.BROWSABLE" />
263-->[com.firebaseui:firebase-ui-auth:8.0.0] AndroidManifest.xml:94:17-78
263-->[com.firebaseui:firebase-ui-auth:8.0.0] AndroidManifest.xml:94:27-75
264
265                <data
265-->[com.firebaseui:firebase-ui-auth:8.0.0] AndroidManifest.xml:96:17-81
266                    android:host="firebase.auth"
267                    android:path="/"
268                    android:scheme="recaptcha" />
268-->[com.firebaseui:firebase-ui-auth:8.0.0] AndroidManifest.xml:96:23-78
269            </intent-filter>
270        </activity>
271
272        <service
272-->[com.google.firebase:firebase-auth:21.0.1] AndroidManifest.xml:64:9-73:19
273            android:name="com.google.firebase.auth.api.fallback.service.FirebaseAuthFallbackService"
273-->[com.google.firebase:firebase-auth:21.0.1] AndroidManifest.xml:65:13-101
274            android:enabled="true"
274-->[com.google.firebase:firebase-auth:21.0.1] AndroidManifest.xml:66:13-35
275            android:exported="false" >
275-->[com.google.firebase:firebase-auth:21.0.1] AndroidManifest.xml:67:13-37
276            <intent-filter>
276-->[com.google.firebase:firebase-auth:21.0.1] AndroidManifest.xml:68:13-72:29
277                <action android:name="com.google.firebase.auth.api.gms.service.START" />
277-->[com.google.firebase:firebase-auth:21.0.1] AndroidManifest.xml:69:17-89
277-->[com.google.firebase:firebase-auth:21.0.1] AndroidManifest.xml:69:25-86
278
279                <category android:name="android.intent.category.DEFAULT" />
279-->[com.firebaseui:firebase-ui-auth:8.0.0] AndroidManifest.xml:93:17-76
279-->[com.firebaseui:firebase-ui-auth:8.0.0] AndroidManifest.xml:93:27-73
280            </intent-filter>
281        </service> <!-- Needs to be explicitly declared on P+ -->
282        <uses-library
282-->[com.google.android.gms:play-services-maps:18.0.1] AndroidManifest.xml:39:9-41:40
283            android:name="org.apache.http.legacy"
283-->[com.google.android.gms:play-services-maps:18.0.1] AndroidManifest.xml:40:13-50
284            android:required="false" />
284-->[com.google.android.gms:play-services-maps:18.0.1] AndroidManifest.xml:41:13-37
285
286        <provider
286-->[com.google.firebase:firebase-common:20.0.0] AndroidManifest.xml:26:9-31:39
287            android:name="com.google.firebase.provider.FirebaseInitProvider"
287-->[com.google.firebase:firebase-common:20.0.0] AndroidManifest.xml:27:13-77
288            android:authorities="com.proyecto.loginultimodia.firebaseinitprovider"
288-->[com.google.firebase:firebase-common:20.0.0] AndroidManifest.xml:28:13-72
289            android:directBootAware="true"
289-->[com.google.firebase:firebase-common:20.0.0] AndroidManifest.xml:29:13-43
290            android:exported="false"
290-->[com.google.firebase:firebase-common:20.0.0] AndroidManifest.xml:30:13-37
291            android:initOrder="100" />
291-->[com.google.firebase:firebase-common:20.0.0] AndroidManifest.xml:31:13-36
292
293        <activity
293-->[com.google.android.gms:play-services-auth:19.0.0] AndroidManifest.xml:23:9-27:75
294            android:name="com.google.android.gms.auth.api.signin.internal.SignInHubActivity"
294-->[com.google.android.gms:play-services-auth:19.0.0] AndroidManifest.xml:24:13-93
295            android:excludeFromRecents="true"
295-->[com.google.android.gms:play-services-auth:19.0.0] AndroidManifest.xml:25:13-46
296            android:exported="false"